<?xml version="1.0" encoding="UTF-8"?>
<!-- Generated by org.testng.reporters.JUnitReportReporter -->
<testsuite hostname="SAI-PC" name="com.guru99bank.TestCases.Tc_addcustomername" tests="1" failures="0" timestamp="25 Jan 2020 07:38:03 GMT" time="19.097" errors="0">
  <testcase name="addcustomer" time="19.097" classname="com.guru99bank.TestCases.Tc_addcustomername"/>
</testsuite> <!-- com.guru99bank.TestCases.Tc_addcustomername -->
