<?xml version="1.0" encoding="UTF-8"?>
<!-- Generated by org.testng.reporters.JUnitReportReporter -->
<testsuite hostname="SAI-PC" name="com.guru99bank.TestCases.TC_Login_Page" tests="1" failures="0" timestamp="25 Jan 2020 07:32:47 GMT" time="7.782" errors="0">
  <testcase name="Login_Page" time="7.782" classname="com.guru99bank.TestCases.TC_Login_Page"/>
</testsuite> <!-- com.guru99bank.TestCases.TC_Login_Page -->
